# JRE version: OpenJDK Runtime Environment Temurin-11.0.14.1+1 (11.0.14.1+1) (build 11.0.14.1+1)
# Java VM: OpenJDK 64-Bit Server VM Temurin-11.0.14.1+1 (11.0.14.1+1, mixed mode, tiered, compressed oops, g1 gc, bsd-amd64)
Heap:
 garbage-first heap   total 131072K, used 28069K [0x0000000780000000, 0x0000000800000000)
  region size 1024K, 14 young (14336K), 6 survivors (6144K)
 Metaspace       used 32286K, capacity 33461K, committed 33664K, reserved 1079296K
  class space    used 3885K, capacity 4403K, committed 4480K, reserved 1048576K
GC Heap History (8 events):
Event: 0.999 GC heap before
{Heap before GC invocations=0 (full 0):
 garbage-first heap   total 131072K, used 13312K [0x0000000780000000, 0x0000000800000000)
  region size 1024K, 14 young (14336K), 0 survivors (0K)
 Metaspace       used 10494K, capacity 10652K, committed 10752K, reserved 1058816K
  class space    used 919K, capacity 973K, committed 1024K, reserved 1048576K
}
Event: 1.004 GC heap after
{Heap after GC invocations=1 (full 0):
 garbage-first heap   total 131072K, used 2474K [0x0000000780000000, 0x0000000800000000)
  region size 1024K, 2 young (2048K), 2 survivors (2048K)
 Metaspace       used 10494K, capacity 10652K, committed 10752K, reserved 1058816K
  class space    used 919K, capacity 973K, committed 1024K, reserved 1048576K
}
Event: 3.220 GC heap before
{Heap before GC invocations=1 (full 0):
 garbage-first heap   total 131072K, used 61866K [0x0000000780000000, 0x0000000800000000)
  region size 1024K, 62 young (63488K), 2 survivors (2048K)
 Metaspace       used 20467K, capacity 20996K, committed 21248K, reserved 1069056K
  class space    used 2231K, capacity 2463K, committed 2560K, reserved 1048576K
}
Event: 3.238 GC heap after
{Heap after GC invocations=2 (full 0):
 garbage-first heap   total 131072K, used 6723K [0x0000000780000000, 0x0000000800000000)
  region size 1024K, 7 young (7168K), 7 survivors (7168K)
 Metaspace       used 20467K, capacity 20996K, committed 21248K, reserved 1069056K
  class space    used 2231K, capacity 2463K, committed 2560K, reserved 1048576K
}
Event: 4.002 GC heap before
{Heap before GC invocations=3 (full 0):
 garbage-first heap   total 131072K, used 33347K [0x0000000780000000, 0x0000000800000000)
  region size 1024K, 33 young (33792K), 7 survivors (7168K)
 Metaspace       used 23745K, capacity 24243K, committed 24576K, reserved 1071104K
  class space    used 2547K, capacity 2761K, committed 2816K, reserved 1048576K
}
Event: 4.051 GC heap after
{Heap after GC invocations=4 (full 0):
 garbage-first heap   total 131072K, used 14582K [0x0000000780000000, 0x0000000800000000)
  region size 1024K, 5 young (5120K), 5 survivors (5120K)
 Metaspace       used 23745K, capacity 24243K, committed 24576K, reserved 1071104K
  class space    used 2547K, capacity 2761K, committed 2816K, reserved 1048576K
}
Event: 6.035 GC heap before
{Heap before GC invocations=4 (full 0):
 garbage-first heap   total 131072K, used 79094K [0x0000000780000000, 0x0000000800000000)
  region size 1024K, 66 young (67584K), 5 survivors (5120K)
 Metaspace       used 31334K, capacity 32535K, committed 32768K, reserved 1077248K
  class space    used 3838K, capacity 4329K, committed 4352K, reserved 1048576K
}
Event: 6.052 GC heap after
{Heap after GC invocations=5 (full 0):
 garbage-first heap   total 131072K, used 20901K [0x0000000780000000, 0x0000000800000000)
  region size 1024K, 6 young (6144K), 6 survivors (6144K)
 Metaspace       used 31334K, capacity 32535K, committed 32768K, reserved 1077248K
  class space    used 3838K, capacity 4329K, committed 4352K, reserved 1048576K
}

