# JRE version: OpenJDK Runtime Environment Temurin-11.0.14.1+1 (11.0.14.1+1) (build 11.0.14.1+1)
# Java VM: OpenJDK 64-Bit Server VM Temurin-11.0.14.1+1 (11.0.14.1+1, mixed mode, tiered, compressed oops, g1 gc, bsd-amd64)
Heap:
 garbage-first heap   total 131072K, used 45153K [0x0000000780000000, 0x0000000800000000)
  region size 1024K, 33 young (33792K), 5 survivors (5120K)
 Metaspace       used 31345K, capacity 32546K, committed 32768K, reserved 1077248K
  class space    used 3763K, capacity 4275K, committed 4352K, reserved 1048576K
GC Heap History (8 events):
Event: 0.969 GC heap before
{Heap before GC invocations=0 (full 0):
 garbage-first heap   total 131072K, used 13312K [0x0000000780000000, 0x0000000800000000)
  region size 1024K, 14 young (14336K), 0 survivors (0K)
 Metaspace       used 10251K, capacity 10565K, committed 10752K, reserved 1058816K
  class space    used 1020K, capacity 1166K, committed 1280K, reserved 1048576K
}
Event: 0.978 GC heap after
{Heap after GC invocations=1 (full 0):
 garbage-first heap   total 131072K, used 2933K [0x0000000780000000, 0x0000000800000000)
  region size 1024K, 2 young (2048K), 2 survivors (2048K)
 Metaspace       used 10251K, capacity 10565K, committed 10752K, reserved 1058816K
  class space    used 1020K, capacity 1166K, committed 1280K, reserved 1048576K
}
Event: 1.421 GC heap before
{Heap before GC invocations=1 (full 0):
 garbage-first heap   total 131072K, used 14197K [0x0000000780000000, 0x0000000800000000)
  region size 1024K, 13 young (13312K), 2 survivors (2048K)
 Metaspace       used 15424K, capacity 15894K, committed 16256K, reserved 1062912K
  class space    used 1627K, capacity 1795K, committed 1920K, reserved 1048576K
}
Event: 1.428 GC heap after
{Heap after GC invocations=2 (full 0):
 garbage-first heap   total 131072K, used 5120K [0x0000000780000000, 0x0000000800000000)
  region size 1024K, 2 young (2048K), 2 survivors (2048K)
 Metaspace       used 15424K, capacity 15894K, committed 16256K, reserved 1062912K
  class space    used 1627K, capacity 1795K, committed 1920K, reserved 1048576K
}
Event: 2.031 GC heap before
{Heap before GC invocations=2 (full 0):
 garbage-first heap   total 131072K, used 17408K [0x0000000780000000, 0x0000000800000000)
  region size 1024K, 15 young (15360K), 2 survivors (2048K)
 Metaspace       used 20513K, capacity 21085K, committed 21248K, reserved 1069056K
  class space    used 2295K, capacity 2547K, committed 2560K, reserved 1048576K
}
Event: 2.041 GC heap after
{Heap after GC invocations=3 (full 0):
 garbage-first heap   total 131072K, used 6889K [0x0000000780000000, 0x0000000800000000)
  region size 1024K, 4 young (4096K), 4 survivors (4096K)
 Metaspace       used 20513K, capacity 21085K, committed 21248K, reserved 1069056K
  class space    used 2295K, capacity 2547K, committed 2560K, reserved 1048576K
}
Event: 3.331 GC heap before
{Heap before GC invocations=4 (full 0):
 garbage-first heap   total 131072K, used 40681K [0x0000000780000000, 0x0000000800000000)
  region size 1024K, 37 young (37888K), 4 survivors (4096K)
 Metaspace       used 26469K, capacity 27424K, committed 27648K, reserved 1073152K
  class space    used 3332K, capacity 3746K, committed 3840K, reserved 1048576K
}
Event: 3.351 GC heap after
{Heap after GC invocations=5 (full 0):
 garbage-first heap   total 131072K, used 15457K [0x0000000780000000, 0x0000000800000000)
  region size 1024K, 5 young (5120K), 5 survivors (5120K)
 Metaspace       used 26469K, capacity 27424K, committed 27648K, reserved 1073152K
  class space    used 3332K, capacity 3746K, committed 3840K, reserved 1048576K
}

