# JRE version: OpenJDK Runtime Environment Temurin-11.0.14.1+1 (11.0.14.1+1) (build 11.0.14.1+1)
# Java VM: OpenJDK 64-Bit Server VM Temurin-11.0.14.1+1 (11.0.14.1+1, mixed mode, tiered, compressed oops, g1 gc, bsd-amd64)
Heap:
 garbage-first heap   total 131072K, used 42317K [0x0000000780000000, 0x0000000800000000)
  region size 1024K, 30 young (30720K), 4 survivors (4096K)
 Metaspace       used 30049K, capacity 31232K, committed 31488K, reserved 1077248K
  class space    used 3733K, capacity 4232K, committed 4352K, reserved 1048576K
GC Heap History (6 events):
Event: 1.122 GC heap before
{Heap before GC invocations=0 (full 0):
 garbage-first heap   total 131072K, used 13312K [0x0000000780000000, 0x0000000800000000)
  region size 1024K, 14 young (14336K), 0 survivors (0K)
 Metaspace       used 10218K, capacity 10501K, committed 10752K, reserved 1058816K
  class space    used 1020K, capacity 1166K, committed 1280K, reserved 1048576K
}
Event: 1.136 GC heap after
{Heap after GC invocations=1 (full 0):
 garbage-first heap   total 131072K, used 2561K [0x0000000780000000, 0x0000000800000000)
  region size 1024K, 2 young (2048K), 2 survivors (2048K)
 Metaspace       used 10218K, capacity 10501K, committed 10752K, reserved 1058816K
  class space    used 1020K, capacity 1166K, committed 1280K, reserved 1048576K
}
Event: 2.283 GC heap before
{Heap before GC invocations=1 (full 0):
 garbage-first heap   total 131072K, used 26113K [0x0000000780000000, 0x0000000800000000)
  region size 1024K, 26 young (26624K), 2 survivors (2048K)
 Metaspace       used 20509K, capacity 21079K, committed 21248K, reserved 1069056K
  class space    used 2296K, capacity 2547K, committed 2560K, reserved 1048576K
}
Event: 2.306 GC heap after
{Heap after GC invocations=2 (full 0):
 garbage-first heap   total 131072K, used 6494K [0x0000000780000000, 0x0000000800000000)
  region size 1024K, 6 young (6144K), 6 survivors (6144K)
 Metaspace       used 20509K, capacity 21079K, committed 21248K, reserved 1069056K
  class space    used 2296K, capacity 2547K, committed 2560K, reserved 1048576K
}
Event: 3.355 GC heap before
{Heap before GC invocations=3 (full 0):
 garbage-first heap   total 131072K, used 31070K [0x0000000780000000, 0x0000000800000000)
  region size 1024K, 31 young (31744K), 6 survivors (6144K)
 Metaspace       used 24080K, capacity 24794K, committed 24960K, reserved 1071104K
  class space    used 2826K, capacity 3124K, committed 3200K, reserved 1048576K
}
Event: 3.384 GC heap after
{Heap after GC invocations=4 (full 0):
 garbage-first heap   total 131072K, used 14669K [0x0000000780000000, 0x0000000800000000)
  region size 1024K, 4 young (4096K), 4 survivors (4096K)
 Metaspace       used 24080K, capacity 24794K, committed 24960K, reserved 1071104K
  class space    used 2826K, capacity 3124K, committed 3200K, reserved 1048576K
}

